
<!DOCTYPE html>
<html xmlns="http://www.w3.org/1999/xhtml" lang="en-US">
    <head>
        <script src='http://ajax.googleapis.com/ajax/libs/jquery/1.10.2/jquery.min.js'></script>
        <link rel="stylesheet" type="text/css" href="http://localhost/backup//static/styles.css">
            <title>KY BACKUP</title>

    </head>
    <body>
        <div id="container">

            <h1><a href="http://localhost/backup/">KYBACKUP, website backup made easy</a></h1>                <p class="byline">by <strong><a href="http://www.kalianey.com" target="_blank"/>Kalianey</a></strong></p>
    
<div class="main_menu"><ul><li><a href="http://localhost/backup/">home</a></li><li><a href="http://localhost/backup/job">jobs</a><ul><li><a href="http://localhost/backup/job">Job List</a></li><li><a href="http://localhost/backup/job/add">Create a Job</a></li></ul></li><li><a href="http://localhost/backup/db">Databases</a><ul><li><a href="http://localhost/backup/db">Database List</a></li><li><a href="http://localhost/backup/db/add">Add a Database</a></li></ul></li><li><a href="http://localhost/backup/path">Paths</a><ul><li><a href="http://localhost/backup/path">Path List</a></li><li><a href="http://localhost/backup/path/add">Add a Path</a></li></ul></li></ul></div><h2>job.curlbackup</h2><br />
<font size='1'><table class='xdebug-error xe-notice' dir='ltr' border='1' cellspacing='0' cellpadding='1'>
<tr><th align='left' bgcolor='#f57900' colspan="5"><span style='background-color: #cc0000; color: #fce94f; font-size: x-large;'>( ! )</span> Notice: Undefined offset: 0 in /Applications/XAMPP/xamppfiles/htdocs/backup/controllers/job.php on line <i>86</i></th></tr>
<tr><th align='left' bgcolor='#e9b96e' colspan='5'>Call Stack</th></tr>
<tr><th align='center' bgcolor='#eeeeec'>#</th><th align='left' bgcolor='#eeeeec'>Time</th><th align='left' bgcolor='#eeeeec'>Memory</th><th align='left' bgcolor='#eeeeec'>Function</th><th align='left' bgcolor='#eeeeec'>Location</th></tr>
<tr><td bgcolor='#eeeeec' align='center'>1</td><td bgcolor='#eeeeec' align='center'>0.0001</td><td bgcolor='#eeeeec' align='right'>244392</td><td bgcolor='#eeeeec'>{main}(  )</td><td title='/Applications/XAMPP/xamppfiles/htdocs/backup/index.php' bgcolor='#eeeeec'>../index.php<b>:</b>0</td></tr>
<tr><td bgcolor='#eeeeec' align='center'>2</td><td bgcolor='#eeeeec' align='center'>0.0026</td><td bgcolor='#eeeeec' align='right'>468288</td><td bgcolor='#eeeeec'>Route->loadRoute(  )</td><td title='/Applications/XAMPP/xamppfiles/htdocs/backup/index.php' bgcolor='#eeeeec'>../index.php<b>:</b>17</td></tr>
<tr><td bgcolor='#eeeeec' align='center'>3</td><td bgcolor='#eeeeec' align='center'>0.0028</td><td bgcolor='#eeeeec' align='right'>497944</td><td bgcolor='#eeeeec'>curlBackup(  )</td><td title='/Applications/XAMPP/xamppfiles/htdocs/backup/classes/route.php' bgcolor='#eeeeec'>../route.php<b>:</b>60</td></tr>
</table></font>
<br />
<font size='1'><table class='xdebug-error xe-notice' dir='ltr' border='1' cellspacing='0' cellpadding='1'>
<tr><th align='left' bgcolor='#f57900' colspan="5"><span style='background-color: #cc0000; color: #fce94f; font-size: x-large;'>( ! )</span> Notice: Trying to get property of non-object in /Applications/XAMPP/xamppfiles/htdocs/backup/controllers/job.php on line <i>87</i></th></tr>
<tr><th align='left' bgcolor='#e9b96e' colspan='5'>Call Stack</th></tr>
<tr><th align='center' bgcolor='#eeeeec'>#</th><th align='left' bgcolor='#eeeeec'>Time</th><th align='left' bgcolor='#eeeeec'>Memory</th><th align='left' bgcolor='#eeeeec'>Function</th><th align='left' bgcolor='#eeeeec'>Location</th></tr>
<tr><td bgcolor='#eeeeec' align='center'>1</td><td bgcolor='#eeeeec' align='center'>0.0001</td><td bgcolor='#eeeeec' align='right'>244392</td><td bgcolor='#eeeeec'>{main}(  )</td><td title='/Applications/XAMPP/xamppfiles/htdocs/backup/index.php' bgcolor='#eeeeec'>../index.php<b>:</b>0</td></tr>
<tr><td bgcolor='#eeeeec' align='center'>2</td><td bgcolor='#eeeeec' align='center'>0.0026</td><td bgcolor='#eeeeec' align='right'>468288</td><td bgcolor='#eeeeec'>Route->loadRoute(  )</td><td title='/Applications/XAMPP/xamppfiles/htdocs/backup/index.php' bgcolor='#eeeeec'>../index.php<b>:</b>17</td></tr>
<tr><td bgcolor='#eeeeec' align='center'>3</td><td bgcolor='#eeeeec' align='center'>0.0028</td><td bgcolor='#eeeeec' align='right'>497944</td><td bgcolor='#eeeeec'>curlBackup(  )</td><td title='/Applications/XAMPP/xamppfiles/htdocs/backup/classes/route.php' bgcolor='#eeeeec'>../route.php<b>:</b>60</td></tr>
</table></font>
<br />
<font size='1'><table class='xdebug-error xe-notice' dir='ltr' border='1' cellspacing='0' cellpadding='1'>
<tr><th align='left' bgcolor='#f57900' colspan="5"><span style='background-color: #cc0000; color: #fce94f; font-size: x-large;'>( ! )</span> Notice: Undefined offset: 0 in /Applications/XAMPP/xamppfiles/htdocs/backup/controllers/job.php on line <i>87</i></th></tr>
<tr><th align='left' bgcolor='#e9b96e' colspan='5'>Call Stack</th></tr>
<tr><th align='center' bgcolor='#eeeeec'>#</th><th align='left' bgcolor='#eeeeec'>Time</th><th align='left' bgcolor='#eeeeec'>Memory</th><th align='left' bgcolor='#eeeeec'>Function</th><th align='left' bgcolor='#eeeeec'>Location</th></tr>
<tr><td bgcolor='#eeeeec' align='center'>1</td><td bgcolor='#eeeeec' align='center'>0.0001</td><td bgcolor='#eeeeec' align='right'>244392</td><td bgcolor='#eeeeec'>{main}(  )</td><td title='/Applications/XAMPP/xamppfiles/htdocs/backup/index.php' bgcolor='#eeeeec'>../index.php<b>:</b>0</td></tr>
<tr><td bgcolor='#eeeeec' align='center'>2</td><td bgcolor='#eeeeec' align='center'>0.0026</td><td bgcolor='#eeeeec' align='right'>468288</td><td bgcolor='#eeeeec'>Route->loadRoute(  )</td><td title='/Applications/XAMPP/xamppfiles/htdocs/backup/index.php' bgcolor='#eeeeec'>../index.php<b>:</b>17</td></tr>
<tr><td bgcolor='#eeeeec' align='center'>3</td><td bgcolor='#eeeeec' align='center'>0.0028</td><td bgcolor='#eeeeec' align='right'>497944</td><td bgcolor='#eeeeec'>curlBackup(  )</td><td title='/Applications/XAMPP/xamppfiles/htdocs/backup/classes/route.php' bgcolor='#eeeeec'>../route.php<b>:</b>60</td></tr>
</table></font>
<br />
<font size='1'><table class='xdebug-error xe-notice' dir='ltr' border='1' cellspacing='0' cellpadding='1'>
<tr><th align='left' bgcolor='#f57900' colspan="5"><span style='background-color: #cc0000; color: #fce94f; font-size: x-large;'>( ! )</span> Notice: Trying to get property of non-object in /Applications/XAMPP/xamppfiles/htdocs/backup/controllers/job.php on line <i>88</i></th></tr>
<tr><th align='left' bgcolor='#e9b96e' colspan='5'>Call Stack</th></tr>
<tr><th align='center' bgcolor='#eeeeec'>#</th><th align='left' bgcolor='#eeeeec'>Time</th><th align='left' bgcolor='#eeeeec'>Memory</th><th align='left' bgcolor='#eeeeec'>Function</th><th align='left' bgcolor='#eeeeec'>Location</th></tr>
<tr><td bgcolor='#eeeeec' align='center'>1</td><td bgcolor='#eeeeec' align='center'>0.0001</td><td bgcolor='#eeeeec' align='right'>244392</td><td bgcolor='#eeeeec'>{main}(  )</td><td title='/Applications/XAMPP/xamppfiles/htdocs/backup/index.php' bgcolor='#eeeeec'>../index.php<b>:</b>0</td></tr>
<tr><td bgcolor='#eeeeec' align='center'>2</td><td bgcolor='#eeeeec' align='center'>0.0026</td><td bgcolor='#eeeeec' align='right'>468288</td><td bgcolor='#eeeeec'>Route->loadRoute(  )</td><td title='/Applications/XAMPP/xamppfiles/htdocs/backup/index.php' bgcolor='#eeeeec'>../index.php<b>:</b>17</td></tr>
<tr><td bgcolor='#eeeeec' align='center'>3</td><td bgcolor='#eeeeec' align='center'>0.0028</td><td bgcolor='#eeeeec' align='right'>497944</td><td bgcolor='#eeeeec'>curlBackup(  )</td><td title='/Applications/XAMPP/xamppfiles/htdocs/backup/classes/route.php' bgcolor='#eeeeec'>../route.php<b>:</b>60</td></tr>
</table></font>
<br />
<font size='1'><table class='xdebug-error xe-notice' dir='ltr' border='1' cellspacing='0' cellpadding='1'>
<tr><th align='left' bgcolor='#f57900' colspan="5"><span style='background-color: #cc0000; color: #fce94f; font-size: x-large;'>( ! )</span> Notice: Undefined offset: 0 in /Applications/XAMPP/xamppfiles/htdocs/backup/controllers/job.php on line <i>88</i></th></tr>
<tr><th align='left' bgcolor='#e9b96e' colspan='5'>Call Stack</th></tr>
<tr><th align='center' bgcolor='#eeeeec'>#</th><th align='left' bgcolor='#eeeeec'>Time</th><th align='left' bgcolor='#eeeeec'>Memory</th><th align='left' bgcolor='#eeeeec'>Function</th><th align='left' bgcolor='#eeeeec'>Location</th></tr>
<tr><td bgcolor='#eeeeec' align='center'>1</td><td bgcolor='#eeeeec' align='center'>0.0001</td><td bgcolor='#eeeeec' align='right'>244392</td><td bgcolor='#eeeeec'>{main}(  )</td><td title='/Applications/XAMPP/xamppfiles/htdocs/backup/index.php' bgcolor='#eeeeec'>../index.php<b>:</b>0</td></tr>
<tr><td bgcolor='#eeeeec' align='center'>2</td><td bgcolor='#eeeeec' align='center'>0.0026</td><td bgcolor='#eeeeec' align='right'>468288</td><td bgcolor='#eeeeec'>Route->loadRoute(  )</td><td title='/Applications/XAMPP/xamppfiles/htdocs/backup/index.php' bgcolor='#eeeeec'>../index.php<b>:</b>17</td></tr>
<tr><td bgcolor='#eeeeec' align='center'>3</td><td bgcolor='#eeeeec' align='center'>0.0028</td><td bgcolor='#eeeeec' align='right'>497944</td><td bgcolor='#eeeeec'>curlBackup(  )</td><td title='/Applications/XAMPP/xamppfiles/htdocs/backup/classes/route.php' bgcolor='#eeeeec'>../route.php<b>:</b>60</td></tr>
</table></font>

<!DOCTYPE html>
<html xmlns="http://www.w3.org/1999/xhtml" lang="en-US">
    <head>
        <script src='http://ajax.googleapis.com/ajax/libs/jquery/1.10.2/jquery.min.js'></script>
        <link rel="stylesheet" type="text/css" href="http://localhost/backup//static/styles.css">
            <title>KY BACKUP</title>

    </head>
    <body>
        <div id="container">

            <h1><a href="http://localhost/backup/">KYBACKUP, website backup made easy</a></h1>                <p class="byline">by <strong><a href="http://www.kalianey.com" target="_blank"/>Kalianey</a></strong></p>
    
<div class="main_menu"><ul><li><a href="http://localhost/backup/">home</a></li><li><a href="http://localhost/backup/job">jobs</a><ul><li><a href="http://localhost/backup/job">Job List</a></li><li><a href="http://localhost/backup/job/add">Create a Job</a></li></ul></li><li><a href="http://localhost/backup/db">Databases</a><ul><li><a href="http://localhost/backup/db">Database List</a></li><li><a href="http://localhost/backup/db/add">Add a Database</a></li></ul></li><li><a href="http://localhost/backup/path">Paths</a><ul><li><a href="http://localhost/backup/path">Path List</a></li><li><a href="http://localhost/backup/path/add">Add a Path</a></li></ul></li></ul></div><h2>job.curlbackup</h2>Done! Files Backup completed: `http://localhost/backup/./ky_backups/file-backup_2015-08-05_161816.zip`<br/>Done! Backup 168 tables to `./ky_backups/db-backup_2015-08-05_161816.sql.gz` (1429793 o). <br/><br/>All done

<!DOCTYPE html>
<html xmlns="http://www.w3.org/1999/xhtml" lang="en-US">
    <head>
        <script src='http://ajax.googleapis.com/ajax/libs/jquery/1.10.2/jquery.min.js'></script>
        <link rel="stylesheet" type="text/css" href="http://localhost/backup//static/styles.css">
            <title>KY BACKUP</title>

    </head>
    <body>
        <div id="container">

            <h1><a href="http://localhost/backup/">KYBACKUP, website backup made easy</a></h1>                <p class="byline">by <strong><a href="http://www.kalianey.com" target="_blank"/>Kalianey</a></strong></p>
    
<div class="main_menu"><ul><li><a href="http://localhost/backup/">home</a></li><li><a href="http://localhost/backup/job">jobs</a><ul><li><a href="http://localhost/backup/job">Job List</a></li><li><a href="http://localhost/backup/job/add">Create a Job</a></li></ul></li><li><a href="http://localhost/backup/db">Databases</a><ul><li><a href="http://localhost/backup/db">Database List</a></li><li><a href="http://localhost/backup/db/add">Add a Database</a></li></ul></li><li><a href="http://localhost/backup/path">Paths</a><ul><li><a href="http://localhost/backup/path">Path List</a></li><li><a href="http://localhost/backup/path/add">Add a Path</a></li></ul></li></ul></div><h2>job.curlbackup</h2>Done! Files Backup completed: `http://localhost/backup/./ky_backups/file-backup_2015-08-05_161827.zip`<br/>Done! Backup 168 tables to `./ky_backups/db-backup_2015-08-05_161827.sql.gz` (1429793 o). <br/><br/>All done

<!DOCTYPE html>
<html xmlns="http://www.w3.org/1999/xhtml" lang="en-US">
    <head>
        <script src='http://ajax.googleapis.com/ajax/libs/jquery/1.10.2/jquery.min.js'></script>
        <link rel="stylesheet" type="text/css" href="http://localhost/backup//static/styles.css">
            <title>KY BACKUP</title>

    </head>
    <body>
        <div id="container">

            <h1><a href="http://localhost/backup/">KYBACKUP, website backup made easy</a></h1>                <p class="byline">by <strong><a href="http://www.kalianey.com" target="_blank"/>Kalianey</a></strong></p>
    
<div class="main_menu"><ul><li><a href="http://localhost/backup/">home</a></li><li><a href="http://localhost/backup/job">jobs</a><ul><li><a href="http://localhost/backup/job">Job List</a></li><li><a href="http://localhost/backup/job/add">Create a Job</a></li></ul></li><li><a href="http://localhost/backup/db">Databases</a><ul><li><a href="http://localhost/backup/db">Database List</a></li><li><a href="http://localhost/backup/db/add">Add a Database</a></li></ul></li><li><a href="http://localhost/backup/path">Paths</a><ul><li><a href="http://localhost/backup/path">Path List</a></li><li><a href="http://localhost/backup/path/add">Add a Path</a></li></ul></li></ul></div><h2>job.curlbackup</h2><br />
<font size='1'><table class='xdebug-error xe-notice' dir='ltr' border='1' cellspacing='0' cellpadding='1'>
<tr><th align='left' bgcolor='#f57900' colspan="5"><span style='background-color: #cc0000; color: #fce94f; font-size: x-large;'>( ! )</span> Notice: Undefined offset: 0 in /Applications/XAMPP/xamppfiles/htdocs/backup/controllers/job.php on line <i>87</i></th></tr>
<tr><th align='left' bgcolor='#e9b96e' colspan='5'>Call Stack</th></tr>
<tr><th align='center' bgcolor='#eeeeec'>#</th><th align='left' bgcolor='#eeeeec'>Time</th><th align='left' bgcolor='#eeeeec'>Memory</th><th align='left' bgcolor='#eeeeec'>Function</th><th align='left' bgcolor='#eeeeec'>Location</th></tr>
<tr><td bgcolor='#eeeeec' align='center'>1</td><td bgcolor='#eeeeec' align='center'>0.0001</td><td bgcolor='#eeeeec' align='right'>244392</td><td bgcolor='#eeeeec'>{main}(  )</td><td title='/Applications/XAMPP/xamppfiles/htdocs/backup/index.php' bgcolor='#eeeeec'>../index.php<b>:</b>0</td></tr>
<tr><td bgcolor='#eeeeec' align='center'>2</td><td bgcolor='#eeeeec' align='center'>0.0025</td><td bgcolor='#eeeeec' align='right'>468288</td><td bgcolor='#eeeeec'>Route->loadRoute(  )</td><td title='/Applications/XAMPP/xamppfiles/htdocs/backup/index.php' bgcolor='#eeeeec'>../index.php<b>:</b>17</td></tr>
<tr><td bgcolor='#eeeeec' align='center'>3</td><td bgcolor='#eeeeec' align='center'>0.0027</td><td bgcolor='#eeeeec' align='right'>498040</td><td bgcolor='#eeeeec'>curlBackup(  )</td><td title='/Applications/XAMPP/xamppfiles/htdocs/backup/classes/route.php' bgcolor='#eeeeec'>../route.php<b>:</b>60</td></tr>
</table></font>
Done! Files Backup completed: `http://localhost/backup/./ky_backups/file-backup_2015-08-05_162000.zip`<br/><br />
<font size='1'><table class='xdebug-error xe-notice' dir='ltr' border='1' cellspacing='0' cellpadding='1'>
<tr><th align='left' bgcolor='#f57900' colspan="5"><span style='background-color: #cc0000; color: #fce94f; font-size: x-large;'>( ! )</span> Notice: Trying to get property of non-object in /Applications/XAMPP/xamppfiles/htdocs/backup/controllers/job.php on line <i>106</i></th></tr>
<tr><th align='left' bgcolor='#e9b96e' colspan='5'>Call Stack</th></tr>
<tr><th align='center' bgcolor='#eeeeec'>#</th><th align='left' bgcolor='#eeeeec'>Time</th><th align='left' bgcolor='#eeeeec'>Memory</th><th align='left' bgcolor='#eeeeec'>Function</th><th align='left' bgcolor='#eeeeec'>Location</th></tr>
<tr><td bgcolor='#eeeeec' align='center'>1</td><td bgcolor='#eeeeec' align='center'>0.0001</td><td bgcolor='#eeeeec' align='right'>244392</td><td bgcolor='#eeeeec'>{main}(  )</td><td title='/Applications/XAMPP/xamppfiles/htdocs/backup/index.php' bgcolor='#eeeeec'>../index.php<b>:</b>0</td></tr>
<tr><td bgcolor='#eeeeec' align='center'>2</td><td bgcolor='#eeeeec' align='center'>0.0025</td><td bgcolor='#eeeeec' align='right'>468288</td><td bgcolor='#eeeeec'>Route->loadRoute(  )</td><td title='/Applications/XAMPP/xamppfiles/htdocs/backup/index.php' bgcolor='#eeeeec'>../index.php<b>:</b>17</td></tr>
<tr><td bgcolor='#eeeeec' align='center'>3</td><td bgcolor='#eeeeec' align='center'>0.0027</td><td bgcolor='#eeeeec' align='right'>498040</td><td bgcolor='#eeeeec'>curlBackup(  )</td><td title='/Applications/XAMPP/xamppfiles/htdocs/backup/classes/route.php' bgcolor='#eeeeec'>../route.php<b>:</b>60</td></tr>
</table></font>
<br />
<font size='1'><table class='xdebug-error xe-notice' dir='ltr' border='1' cellspacing='0' cellpadding='1'>
<tr><th align='left' bgcolor='#f57900' colspan="5"><span style='background-color: #cc0000; color: #fce94f; font-size: x-large;'>( ! )</span> Notice: Trying to get property of non-object in /Applications/XAMPP/xamppfiles/htdocs/backup/controllers/job.php on line <i>106</i></th></tr>
<tr><th align='left' bgcolor='#e9b96e' colspan='5'>Call Stack</th></tr>
<tr><th align='center' bgcolor='#eeeeec'>#</th><th align='left' bgcolor='#eeeeec'>Time</th><th align='left' bgcolor='#eeeeec'>Memory</th><th align='left' bgcolor='#eeeeec'>Function</th><th align='left' bgcolor='#eeeeec'>Location</th></tr>
<tr><td bgcolor='#eeeeec' align='center'>1</td><td bgcolor='#eeeeec' align='center'>0.0001</td><td bgcolor='#eeeeec' align='right'>244392</td><td bgcolor='#eeeeec'>{main}(  )</td><td title='/Applications/XAMPP/xamppfiles/htdocs/backup/index.php' bgcolor='#eeeeec'>../index.php<b>:</b>0</td></tr>
<tr><td bgcolor='#eeeeec' align='center'>2</td><td bgcolor='#eeeeec' align='center'>0.0025</td><td bgcolor='#eeeeec' align='right'>468288</td><td bgcolor='#eeeeec'>Route->loadRoute(  )</td><td title='/Applications/XAMPP/xamppfiles/htdocs/backup/index.php' bgcolor='#eeeeec'>../index.php<b>:</b>17</td></tr>
<tr><td bgcolor='#eeeeec' align='center'>3</td><td bgcolor='#eeeeec' align='center'>0.0027</td><td bgcolor='#eeeeec' align='right'>498040</td><td bgcolor='#eeeeec'>curlBackup(  )</td><td title='/Applications/XAMPP/xamppfiles/htdocs/backup/classes/route.php' bgcolor='#eeeeec'>../route.php<b>:</b>60</td></tr>
</table></font>
<br />
<font size='1'><table class='xdebug-error xe-notice' dir='ltr' border='1' cellspacing='0' cellpadding='1'>
<tr><th align='left' bgcolor='#f57900' colspan="5"><span style='background-color: #cc0000; color: #fce94f; font-size: x-large;'>( ! )</span> Notice: Trying to get property of non-object in /Applications/XAMPP/xamppfiles/htdocs/backup/controllers/job.php on line <i>106</i></th></tr>
<tr><th align='left' bgcolor='#e9b96e' colspan='5'>Call Stack</th></tr>
<tr><th align='center' bgcolor='#eeeeec'>#</th><th align='left' bgcolor='#eeeeec'>Time</th><th align='left' bgcolor='#eeeeec'>Memory</th><th align='left' bgcolor='#eeeeec'>Function</th><th align='left' bgcolor='#eeeeec'>Location</th></tr>
<tr><td bgcolor='#eeeeec' align='center'>1</td><td bgcolor='#eeeeec' align='center'>0.0001</td><td bgcolor='#eeeeec' align='right'>244392</td><td bgcolor='#eeeeec'>{main}(  )</td><td title='/Applications/XAMPP/xamppfiles/htdocs/backup/index.php' bgcolor='#eeeeec'>../index.php<b>:</b>0</td></tr>
<tr><td bgcolor='#eeeeec' align='center'>2</td><td bgcolor='#eeeeec' align='center'>0.0025</td><td bgcolor='#eeeeec' align='right'>468288</td><td bgcolor='#eeeeec'>Route->loadRoute(  )</td><td title='/Applications/XAMPP/xamppfiles/htdocs/backup/index.php' bgcolor='#eeeeec'>../index.php<b>:</b>17</td></tr>
<tr><td bgcolor='#eeeeec' align='center'>3</td><td bgcolor='#eeeeec' align='center'>0.0027</td><td bgcolor='#eeeeec' align='right'>498040</td><td bgcolor='#eeeeec'>curlBackup(  )</td><td title='/Applications/XAMPP/xamppfiles/htdocs/backup/classes/route.php' bgcolor='#eeeeec'>../route.php<b>:</b>60</td></tr>
</table></font>
<br />
<font size='1'><table class='xdebug-error xe-notice' dir='ltr' border='1' cellspacing='0' cellpadding='1'>
<tr><th align='left' bgcolor='#f57900' colspan="5"><span style='background-color: #cc0000; color: #fce94f; font-size: x-large;'>( ! )</span> Notice: Trying to get property of non-object in /Applications/XAMPP/xamppfiles/htdocs/backup/controllers/job.php on line <i>106</i></th></tr>
<tr><th align='left' bgcolor='#e9b96e' colspan='5'>Call Stack</th></tr>
<tr><th align='center' bgcolor='#eeeeec'>#</th><th align='left' bgcolor='#eeeeec'>Time</th><th align='left' bgcolor='#eeeeec'>Memory</th><th align='left' bgcolor='#eeeeec'>Function</th><th align='left' bgcolor='#eeeeec'>Location</th></tr>
<tr><td bgcolor='#eeeeec' align='center'>1</td><td bgcolor='#eeeeec' align='center'>0.0001</td><td bgcolor='#eeeeec' align='right'>244392</td><td bgcolor='#eeeeec'>{main}(  )</td><td title='/Applications/XAMPP/xamppfiles/htdocs/backup/index.php' bgcolor='#eeeeec'>../index.php<b>:</b>0</td></tr>
<tr><td bgcolor='#eeeeec' align='center'>2</td><td bgcolor='#eeeeec' align='center'>0.0025</td><td bgcolor='#eeeeec' align='right'>468288</td><td bgcolor='#eeeeec'>Route->loadRoute(  )</td><td title='/Applications/XAMPP/xamppfiles/htdocs/backup/index.php' bgcolor='#eeeeec'>../index.php<b>:</b>17</td></tr>
<tr><td bgcolor='#eeeeec' align='center'>3</td><td bgcolor='#eeeeec' align='center'>0.0027</td><td bgcolor='#eeeeec' align='right'>498040</td><td bgcolor='#eeeeec'>curlBackup(  )</td><td title='/Applications/XAMPP/xamppfiles/htdocs/backup/classes/route.php' bgcolor='#eeeeec'>../route.php<b>:</b>60</td></tr>
</table></font>
Array
(
    [0] => 3D000
    [1] => 1046
    [2] => No database selected
)
<br/>All done

<!DOCTYPE html>
<html xmlns="http://www.w3.org/1999/xhtml" lang="en-US">
    <head>
        <script src='http://ajax.googleapis.com/ajax/libs/jquery/1.10.2/jquery.min.js'></script>
        <link rel="stylesheet" type="text/css" href="http://localhost/backup//static/styles.css">
            <title>KY BACKUP</title>

    </head>
    <body>
        <div id="container">

            <h1><a href="http://localhost/backup/">KYBACKUP, website backup made easy</a></h1>                <p class="byline">by <strong><a href="http://www.kalianey.com" target="_blank"/>Kalianey</a></strong></p>
    
<div class="main_menu"><ul><li><a href="http://localhost/backup/">home</a></li><li><a href="http://localhost/backup/job">jobs</a><ul><li><a href="http://localhost/backup/job">Job List</a></li><li><a href="http://localhost/backup/job/add">Create a Job</a></li></ul></li><li><a href="http://localhost/backup/db">Databases</a><ul><li><a href="http://localhost/backup/db">Database List</a></li><li><a href="http://localhost/backup/db/add">Add a Database</a></li></ul></li><li><a href="http://localhost/backup/path">Paths</a><ul><li><a href="http://localhost/backup/path">Path List</a></li><li><a href="http://localhost/backup/path/add">Add a Path</a></li></ul></li></ul></div><h2>job.curlbackup</h2>Done! Files Backup completed: `http://localhost/backup/./ky_backups/file-backup_2015-08-05_162243.zip`<br/>Done! Backup 168 tables to `./ky_backups/db-backup_2015-08-05_162243.sql.gz` (1429793 o). <br/><br/>All done

<!DOCTYPE html>
<html xmlns="http://www.w3.org/1999/xhtml" lang="en-US">
    <head>
        <script src='http://ajax.googleapis.com/ajax/libs/jquery/1.10.2/jquery.min.js'></script>
        <link rel="stylesheet" type="text/css" href="http://localhost/backup//static/styles.css">
            <title>KY BACKUP</title>

    </head>
    <body>
        <div id="container">

            <h1><a href="http://localhost/backup/">KYBACKUP, website backup made easy</a></h1>                <p class="byline">by <strong><a href="http://www.kalianey.com" target="_blank"/>Kalianey</a></strong></p>
    
<div class="main_menu"><ul><li><a href="http://localhost/backup/">home</a></li><li><a href="http://localhost/backup/job">jobs</a><ul><li><a href="http://localhost/backup/job">Job List</a></li><li><a href="http://localhost/backup/job/add">Create a Job</a></li></ul></li><li><a href="http://localhost/backup/db">Databases</a><ul><li><a href="http://localhost/backup/db">Database List</a></li><li><a href="http://localhost/backup/db/add">Add a Database</a></li></ul></li><li><a href="http://localhost/backup/path">Paths</a><ul><li><a href="http://localhost/backup/path">Path List</a></li><li><a href="http://localhost/backup/path/add">Add a Path</a></li></ul></li></ul></div><h2>job.curlbackup</h2>Done! Files Backup completed: `http://localhost/backup/./ky_backups/file-backup_2015-08-05_162307.zip`<br/>Done! Backup 168 tables to `./ky_backups/db-backup_2015-08-05_162307.sql.gz` (1429793 o). <br/><br/>All done

<!DOCTYPE html>
<html xmlns="http://www.w3.org/1999/xhtml" lang="en-US">
    <head>
        <script src='http://ajax.googleapis.com/ajax/libs/jquery/1.10.2/jquery.min.js'></script>
        <link rel="stylesheet" type="text/css" href="http://localhost/backup//static/styles.css">
            <title>KY BACKUP</title>

    </head>
    <body>
        <div id="container">

            <h1><a href="http://localhost/backup/">KYBACKUP, website backup made easy</a></h1>                <p class="byline">by <strong><a href="http://www.kalianey.com" target="_blank"/>Kalianey</a></strong></p>
    
<div class="main_menu"><ul><li><a href="http://localhost/backup/">home</a></li><li><a href="http://localhost/backup/job">jobs</a><ul><li><a href="http://localhost/backup/job">Job List</a></li><li><a href="http://localhost/backup/job/add">Create a Job</a></li></ul></li><li><a href="http://localhost/backup/db">Databases</a><ul><li><a href="http://localhost/backup/db">Database List</a></li><li><a href="http://localhost/backup/db/add">Add a Database</a></li></ul></li><li><a href="http://localhost/backup/path">Paths</a><ul><li><a href="http://localhost/backup/path">Path List</a></li><li><a href="http://localhost/backup/path/add">Add a Path</a></li></ul></li></ul></div><h2>job.curlbackup</h2>Done! Files Backup completed: `http://localhost/backup/./ky_backups/file-backup_2015-08-05_162314.zip`<br/>Done! Backup 168 tables to `./ky_backups/db-backup_2015-08-05_162314.sql.gz` (1429793 o). <br/><br/>All done
