[2015-08-05_162314] BACK START --------------------------------------
  adding: .DS_Store (deflated 86%)
  adding: .htaccess (deflated 35%)
  adding: backup-in-background.log (deflated 94%)
  adding: classes/ (stored 0%)
  adding: classes/backup.php (deflated 68%)
  adding: classes/database.php (deflated 70%)
  adding: classes/KY.php (deflated 68%)
  adding: classes/route.php (deflated 73%)
  adding: classes/text.php (deflated 66%)
  adding: classes/view.php (deflated 54%)
  adding: config.php (deflated 52%)
  adding: controllers/ (stored 0%)
  adding: controllers/db.php (deflated 67%)
  adding: controllers/home.php (deflated 65%)
  adding: controllers/job.php (deflated 69%)
  adding: controllers/path.php (deflated 61%)
  adding: index.php (deflated 48%)
  adding: ky_backups/ (stored 0%)
  adding: ky_backups/.DS_Store (deflated 97%)
  adding: last_backup_file.log (deflated 70%)
  adding: models/ (stored 0%)
  adding: models/model.php (deflated 69%)
  adding: models/model_db.php (deflated 58%)
  adding: models/model_job.php (deflated 71%)
  adding: models/model_job_conf.php (deflated 54%)
  adding: models/model_path.php (deflated 55%)
  adding: nbproject/ (stored 0%)
  adding: nbproject/private/ (stored 0%)
  adding: nbproject/private/config.properties (stored 0%)
  adding: nbproject/private/private.properties (deflated 23%)
  adding: nbproject/private/private.xml (deflated 70%)
  adding: nbproject/project.properties (deflated 22%)
  adding: nbproject/project.xml (deflated 45%)
  adding: routes.php (deflated 77%)
  adding: static/ (stored 0%)
  adding: static/fonts/ (stored 0%)
  adding: static/fonts/oswald-light-webfont.eot (deflated 0%)
  adding: static/fonts/oswald-light-webfont.svg (deflated 74%)
  adding: static/fonts/oswald-light-webfont.ttf (deflated 47%)
  adding: static/fonts/oswald-light-webfont.woff (deflated 0%)
  adding: static/fonts/oswald-light-webfont.woff2 (stored 0%)
  adding: static/styles.css (deflated 71%)
  adding: views/ (stored 0%)
  adding: views/db.add.form.php (deflated 67%)
  adding: views/db.add.showtables.php (deflated 58%)
  adding: views/db.index.php (deflated 57%)
  adding: views/header.php (deflated 71%)
  adding: views/job.add.form.php (deflated 64%)
  adding: views/path.add.form.php (deflated 51%)
[2015-08-05_162314] BACK FINISH -------------------------------------
